make[1]: Entering directory `/storage/home/sutatch.rat/run3/gb_energy_bcc/source/lammps_20061129_modified/Obj_QQQ'
ar -rcsv ../liblmp_QQQ.a angle_charmm.o angle_cosine.o angle_cosine_squared.o angle.o angle_harmonic.o angle_hybrid.o atom_angle.o atom_atomic.o atom_bond.o atom_charge.o atom.o atom_full.o atom_hybrid.o atom_molecular.o bond.o bond_fene.o bond_fene_expand.o bond_harmonic.o bond_hybrid.o bond_morse.o bond_nonlinear.o bond_quartic.o comm.o create_atoms.o create_box.o delete_atoms.o delete_bonds.o dihedral_charmm.o dihedral.o dihedral_harmonic.o dihedral_helix.o dihedral_hybrid.o dihedral_multi_harmonic.o dihedral_opls.o displace_atoms.o domain.o dump_atom.o dump_bond.o dump.o dump_custom.o dump_data.o dump_dcd.o dump_xyz.o error.o ewald.o fft3d.o fft3d_wrap.o finish.o fix_add_force.o fix_ave_force.o fix_centro.o fix_com.o fix.o fix_drag.o fix_efield.o fix_energy.o fix_enforce2d.o fix_gravity.o fix_gyration.o fix_indent.o fix_langevin.o fix_line_force.o fix_minimize.o fix_momentum.o fix_msd.o fix_nph.o fix_npt.o fix_nve.o fix_nvt.o fix_orient_fcc.o fix_plane_force.o fix_print.o fix_rdf.o fix_recenter.o fix_respa.o fix_rigid.o fix_set_force.o fix_shake.o fix_spring.o fix_spring_rg.o fix_spring_self.o fix_stress.o fix_temp_rescale.o fix_tmd.o fix_uniaxial.o fix_viscous.o fix_volume_rescale.o fix_wall_lj126.o fix_wall_lj93.o fix_wall_reflect.o fix_wiggle.o force.o group.o improper.o improper_cvff.o improper_harmonic.o improper_hybrid.o input.o kspace.o lammps.o lattice.o library.o memory.o min_cg.o min_cg_fr.o min.o minimize.o min_sd.o modify.o neigh_bond.o neighbor.o neigh_full.o neigh_gran.o neigh_half.o neigh_respa.o output.o pack.o pair_buck_coul_cut.o pair_buck_coul_long.o pair_buck.o pair.o pair_eam_alloy.o pair_eam.o pair_eam_fs.o pair_hybrid.o pair_lj_charmm_coul_charmm.o pair_lj_charmm_coul_charmm_implicit.o pair_lj_charmm_coul_long.o pair_lj_cut_coul_cut.o pair_lj_cut_coul_debye.o pair_lj_cut_coul_long.o pair_lj_cut_coul_long_tip4p.o pair_lj_cut.o pair_lj_expand.o pair_lj_smooth.o pair_morse.o pair_soft.o pair_sw.o pair_table.o pair_tersoff.o pair_yukawa.o pppm.o pppm_tip4p.o pressure.o random_mars.o random_park.o read_data.o read_restart.o region_block.o region.o region_cylinder.o region_intersect.o region_prism.o region_sphere.o region_union.o remap.o remap_wrap.o replicate.o respa.o run.o set.o shell.o special.o system.o temperature.o temper.o temp_full.o temp_partial.o temp_ramp.o temp_region.o thermo.o timer.o universe.o update.o variable.o velocity.o verlet.o write_restart.o
r - angle_charmm.o
r - angle_cosine.o
r - angle_cosine_squared.o
r - angle.o
r - angle_harmonic.o
r - angle_hybrid.o
r - atom_angle.o
r - atom_atomic.o
r - atom_bond.o
r - atom_charge.o
r - atom.o
r - atom_full.o
r - atom_hybrid.o
r - atom_molecular.o
r - bond.o
r - bond_fene.o
r - bond_fene_expand.o
r - bond_harmonic.o
r - bond_hybrid.o
r - bond_morse.o
r - bond_nonlinear.o
r - bond_quartic.o
r - comm.o
r - create_atoms.o
r - create_box.o
r - delete_atoms.o
r - delete_bonds.o
r - dihedral_charmm.o
r - dihedral.o
r - dihedral_harmonic.o
r - dihedral_helix.o
r - dihedral_hybrid.o
r - dihedral_multi_harmonic.o
r - dihedral_opls.o
r - displace_atoms.o
r - domain.o
r - dump_atom.o
r - dump_bond.o
r - dump.o
r - dump_custom.o
r - dump_data.o
r - dump_dcd.o
r - dump_xyz.o
r - error.o
r - ewald.o
r - fft3d.o
r - fft3d_wrap.o
r - finish.o
r - fix_add_force.o
r - fix_ave_force.o
r - fix_centro.o
r - fix_com.o
r - fix.o
r - fix_drag.o
r - fix_efield.o
r - fix_energy.o
r - fix_enforce2d.o
r - fix_gravity.o
r - fix_gyration.o
r - fix_indent.o
r - fix_langevin.o
r - fix_line_force.o
r - fix_minimize.o
r - fix_momentum.o
r - fix_msd.o
r - fix_nph.o
r - fix_npt.o
r - fix_nve.o
r - fix_nvt.o
r - fix_orient_fcc.o
r - fix_plane_force.o
r - fix_print.o
r - fix_rdf.o
r - fix_recenter.o
r - fix_respa.o
r - fix_rigid.o
r - fix_set_force.o
r - fix_shake.o
r - fix_spring.o
r - fix_spring_rg.o
r - fix_spring_self.o
r - fix_stress.o
r - fix_temp_rescale.o
r - fix_tmd.o
r - fix_uniaxial.o
r - fix_viscous.o
r - fix_volume_rescale.o
r - fix_wall_lj126.o
r - fix_wall_lj93.o
r - fix_wall_reflect.o
r - fix_wiggle.o
r - force.o
r - group.o
r - improper.o
r - improper_cvff.o
r - improper_harmonic.o
r - improper_hybrid.o
r - input.o
r - kspace.o
r - lammps.o
r - lattice.o
r - library.o
r - memory.o
r - min_cg.o
r - min_cg_fr.o
r - min.o
r - minimize.o
r - min_sd.o
r - modify.o
r - neigh_bond.o
r - neighbor.o
r - neigh_full.o
r - neigh_gran.o
r - neigh_half.o
r - neigh_respa.o
r - output.o
r - pack.o
r - pair_buck_coul_cut.o
r - pair_buck_coul_long.o
r - pair_buck.o
r - pair.o
r - pair_eam_alloy.o
r - pair_eam.o
r - pair_eam_fs.o
r - pair_hybrid.o
r - pair_lj_charmm_coul_charmm.o
r - pair_lj_charmm_coul_charmm_implicit.o
r - pair_lj_charmm_coul_long.o
r - pair_lj_cut_coul_cut.o
r - pair_lj_cut_coul_debye.o
r - pair_lj_cut_coul_long.o
r - pair_lj_cut_coul_long_tip4p.o
r - pair_lj_cut.o
r - pair_lj_expand.o
r - pair_lj_smooth.o
r - pair_morse.o
r - pair_soft.o
r - pair_sw.o
r - pair_table.o
r - pair_tersoff.o
r - pair_yukawa.o
r - pppm.o
r - pppm_tip4p.o
r - pressure.o
r - random_mars.o
r - random_park.o
r - read_data.o
r - read_restart.o
r - region_block.o
r - region.o
r - region_cylinder.o
r - region_intersect.o
r - region_prism.o
r - region_sphere.o
r - region_union.o
r - remap.o
r - remap_wrap.o
r - replicate.o
r - respa.o
r - run.o
r - set.o
r - shell.o
r - special.o
r - system.o
r - temperature.o
r - temper.o
r - temp_full.o
r - temp_partial.o
r - temp_ramp.o
r - temp_region.o
r - thermo.o
r - timer.o
r - universe.o
r - update.o
r - variable.o
r - velocity.o
r - verlet.o
r - write_restart.o
make[1]: Leaving directory `/storage/home/sutatch.rat/run3/gb_energy_bcc/source/lammps_20061129_modified/Obj_QQQ'
